  Parser.cpp
  Map.cpp
  main.cpp
  Lootable.cpp
  Gui.cpp
c:\users\tosh\documents\github\roguelite\roguelite\roguelite\gui.cpp(165): warning C4244: 'initializing': conversion from 'double' to 'int', possible loss of data
c:\users\tosh\documents\github\roguelite\roguelite\roguelite\gui.cpp(166): warning C4244: 'initializing': conversion from 'double' to 'int', possible loss of data
c:\users\tosh\documents\github\roguelite\roguelite\roguelite\gui.cpp(167): warning C4244: 'initializing': conversion from 'double' to 'int', possible loss of data
c:\users\tosh\documents\github\roguelite\roguelite\roguelite\gui.cpp(168): warning C4244: 'initializing': conversion from 'double' to 'int', possible loss of data
  Fov.cpp
  Engine.cpp
c:\users\tosh\documents\github\roguelite\roguelite\roguelite\engine.cpp(73): warning C4244: '=': conversion from 'int' to 'float', possible loss of data
  Destructible.cpp
  Container.cpp
  Cheats.cpp
  Attacker.cpp
  Ai.cpp
c:\users\tosh\documents\github\roguelite\roguelite\roguelite\ai.cpp(227): warning C4244: 'argument': conversion from 'int' to 'float', possible loss of data
  Actor.cpp
  Generating Code...
c:\users\tosh\documents\github\roguelite\roguelite\roguelite\container.cpp(14): warning C4715: 'Container::add': not all control paths return a value
  RogueLite.vcxproj -> C:\Users\Tosh\Documents\Github\RogueLite\RogueLite\Debug\RogueLite.exe
  RogueLite.vcxproj -> C:\Users\Tosh\Documents\Github\RogueLite\RogueLite\Debug\RogueLite.pdb (Partial PDB)
