c:\users\tosh\documents\github\roguelite\roguelite\roguelite\debug\vc140.pdb
c:\users\tosh\documents\github\roguelite\roguelite\roguelite\debug\vc140.idb
c:\users\tosh\documents\github\roguelite\roguelite\roguelite\debug\actor.nativecodeanalysis.xml
c:\users\tosh\documents\github\roguelite\roguelite\roguelite\debug\ai.nativecodeanalysis.xml
c:\users\tosh\documents\github\roguelite\roguelite\roguelite\debug\attacker.nativecodeanalysis.xml
c:\users\tosh\documents\github\roguelite\roguelite\roguelite\debug\destructible.nativecodeanalysis.xml
c:\users\tosh\documents\github\roguelite\roguelite\roguelite\debug\engine.nativecodeanalysis.xml
c:\users\tosh\documents\github\roguelite\roguelite\roguelite\debug\fov.nativecodeanalysis.xml
c:\users\tosh\documents\github\roguelite\roguelite\roguelite\debug\main.nativecodeanalysis.xml
c:\users\tosh\documents\github\roguelite\roguelite\roguelite\debug\map.nativecodeanalysis.xml
c:\users\tosh\documents\github\roguelite\roguelite\roguelite\debug\map.obj
c:\users\tosh\documents\github\roguelite\roguelite\roguelite\debug\main.obj
c:\users\tosh\documents\github\roguelite\roguelite\roguelite\debug\fov.obj
c:\users\tosh\documents\github\roguelite\roguelite\roguelite\debug\engine.obj
c:\users\tosh\documents\github\roguelite\roguelite\roguelite\debug\destructible.obj
c:\users\tosh\documents\github\roguelite\roguelite\roguelite\debug\attacker.obj
c:\users\tosh\documents\github\roguelite\roguelite\roguelite\debug\ai.obj
c:\users\tosh\documents\github\roguelite\roguelite\roguelite\debug\actor.obj
c:\users\tosh\documents\github\roguelite\roguelite\debug\roguelite.ilk
c:\users\tosh\documents\github\roguelite\roguelite\debug\roguelite.exe
c:\users\tosh\documents\github\roguelite\roguelite\debug\roguelite.pdb
c:\users\tosh\documents\github\roguelite\roguelite\roguelite\debug\nativecodeanalysis.read.1.tlog
c:\users\tosh\documents\github\roguelite\roguelite\roguelite\debug\vc.nativecodeanalysis.all.xml
c:\users\tosh\documents\github\roguelite\roguelite\debug\roguelite.exe.lastcodeanalysissucceeded
c:\users\tosh\documents\github\roguelite\roguelite\roguelite\debug\roguelite.tlog\cl.command.1.tlog
c:\users\tosh\documents\github\roguelite\roguelite\roguelite\debug\roguelite.tlog\cl.read.1.tlog
c:\users\tosh\documents\github\roguelite\roguelite\roguelite\debug\roguelite.tlog\cl.write.1.tlog
c:\users\tosh\documents\github\roguelite\roguelite\roguelite\debug\roguelite.tlog\link.command.1.tlog
c:\users\tosh\documents\github\roguelite\roguelite\roguelite\debug\roguelite.tlog\link.read.1.tlog
c:\users\tosh\documents\github\roguelite\roguelite\roguelite\debug\roguelite.tlog\link.write.1.tlog
