c:\users\tosh\documents\github\roguelite\roguelite\roguelite\release\vc140.pdb
c:\users\tosh\documents\github\roguelite\roguelite\roguelite\release\map.obj
c:\users\tosh\documents\github\roguelite\roguelite\roguelite\release\main.obj
c:\users\tosh\documents\github\roguelite\roguelite\roguelite\release\gui.obj
c:\users\tosh\documents\github\roguelite\roguelite\roguelite\release\fov.obj
c:\users\tosh\documents\github\roguelite\roguelite\roguelite\release\engine.obj
c:\users\tosh\documents\github\roguelite\roguelite\roguelite\release\destructible.obj
c:\users\tosh\documents\github\roguelite\roguelite\roguelite\release\cheats.obj
c:\users\tosh\documents\github\roguelite\roguelite\roguelite\release\attacker.obj
c:\users\tosh\documents\github\roguelite\roguelite\roguelite\release\ai.obj
c:\users\tosh\documents\github\roguelite\roguelite\roguelite\release\actor.obj
c:\users\tosh\documents\github\roguelite\roguelite\release\roguelite.exe
c:\users\tosh\documents\github\roguelite\roguelite\release\roguelite.ipdb
c:\users\tosh\documents\github\roguelite\roguelite\release\roguelite.iobj
c:\users\tosh\documents\github\roguelite\roguelite\release\roguelite.pdb
c:\users\tosh\documents\github\roguelite\roguelite\roguelite\release\roguelite.tlog\cl.command.1.tlog
c:\users\tosh\documents\github\roguelite\roguelite\roguelite\release\roguelite.tlog\cl.read.1.tlog
c:\users\tosh\documents\github\roguelite\roguelite\roguelite\release\roguelite.tlog\cl.write.1.tlog
c:\users\tosh\documents\github\roguelite\roguelite\roguelite\release\roguelite.tlog\link.command.1.tlog
c:\users\tosh\documents\github\roguelite\roguelite\roguelite\release\roguelite.tlog\link.read.1.tlog
c:\users\tosh\documents\github\roguelite\roguelite\roguelite\release\roguelite.tlog\link.write.1.tlog
